2023-07-25 12:59:28,227 INFO [restartedMain] c.r.e.ExaminationManagementSystemApplication [StartupInfoLogger.java:51] Starting ExaminationManagementSystemApplication using Java 17.0.6 with PID 13248 (C:\Users\Balaji\projects2\examination-management-system\examination-management-system\build\classes\java\main started by Balaji in C:\Users\Balaji\projects2\examination-management-system\examination-management-system)
2023-07-25 12:59:28,231 INFO [restartedMain] c.r.e.ExaminationManagementSystemApplication [SpringApplication.java:634] No active profile set, falling back to 1 default profile: "default"
2023-07-25 12:59:28,277 INFO [restartedMain] o.s.b.d.e.DevToolsPropertyDefaultsPostProcessor [DeferredLog.java:250] Devtools property defaults active! Set 'spring.devtools.add-properties' to 'false' to disable
2023-07-25 12:59:28,277 INFO [restartedMain] o.s.b.d.e.DevToolsPropertyDefaultsPostProcessor [DeferredLog.java:250] For additional web related logging consider setting the 'logging.level.web' property to 'DEBUG'
2023-07-25 12:59:28,857 INFO [restartedMain] o.s.d.r.c.RepositoryConfigurationDelegate [RepositoryConfigurationDelegate.java:138] Bootstrapping Spring Data JPA repositories in DEFAULT mode.
2023-07-25 12:59:28,872 INFO [restartedMain] o.s.d.r.c.RepositoryConfigurationDelegate [RepositoryConfigurationDelegate.java:208] Finished Spring Data repository scanning in 10 ms. Found 0 JPA repository interfaces.
2023-07-25 12:59:29,322 INFO [restartedMain] o.s.b.w.e.t.TomcatWebServer [TomcatWebServer.java:108] Tomcat initialized with port(s): 8080 (http)
2023-07-25 12:59:29,327 INFO [restartedMain] o.a.c.h.Http11NioProtocol [DirectJDKLog.java:173] Initializing ProtocolHandler ["http-nio-8080"]
2023-07-25 12:59:29,328 INFO [restartedMain] o.a.c.c.StandardService [DirectJDKLog.java:173] Starting service [Tomcat]
2023-07-25 12:59:29,329 INFO [restartedMain] o.a.c.c.StandardEngine [DirectJDKLog.java:173] Starting Servlet engine: [Apache Tomcat/10.1.11]
2023-07-25 12:59:29,372 INFO [restartedMain] o.a.c.c.C.[.[.[/] [DirectJDKLog.java:173] Initializing Spring embedded WebApplicationContext
2023-07-25 12:59:29,372 INFO [restartedMain] o.s.b.w.s.c.ServletWebServerApplicationContext [ServletWebServerApplicationContext.java:291] Root WebApplicationContext: initialization completed in 1094 ms
2023-07-25 12:59:29,802 INFO [restartedMain] o.s.o.j.p.SpringPersistenceUnitInfo [SpringPersistenceUnitInfo.java:87] No LoadTimeWeaver setup: ignoring JPA class transformer
2023-07-25 12:59:29,816 INFO [restartedMain] c.z.h.HikariDataSource [HikariDataSource.java:110] HikariPool-1 - Starting...
2023-07-25 12:59:29,974 INFO [restartedMain] c.z.h.p.HikariPool [HikariPool.java:565] HikariPool-1 - Added connection org.postgresql.jdbc.PgConnection@1aed79a9
2023-07-25 12:59:29,975 INFO [restartedMain] c.z.h.HikariDataSource [HikariDataSource.java:123] HikariPool-1 - Start completed.
2023-07-25 12:59:30,988 INFO [restartedMain] o.s.o.j.LocalContainerEntityManagerFactoryBean [AbstractEntityManagerFactoryBean.java:437] Initialized JPA EntityManagerFactory for persistence unit 'default'
2023-07-25 12:59:31,026 WARN [restartedMain] o.s.b.a.o.j.JpaBaseConfiguration$JpaWebConfiguration [JpaBaseConfiguration.java:231] spring.jpa.open-in-view is enabled by default. Therefore, database queries may be performed during view rendering. Explicitly configure spring.jpa.open-in-view to disable this warning
2023-07-25 12:59:31,296 WARN [restartedMain] o.s.b.a.s.s.UserDetailsServiceAutoConfiguration [UserDetailsServiceAutoConfiguration.java:87] 

Using generated security password: 083dfe0b-9790-4972-b65b-d45bf243245f

This generated password is for development use only. Your security configuration must be updated before running your application in production.

2023-07-25 12:59:31,365 INFO [restartedMain] o.s.s.w.DefaultSecurityFilterChain [DefaultSecurityFilterChain.java:54] Will secure any request with [org.springframework.security.web.session.DisableEncodeUrlFilter@707cc89d, org.springframework.security.web.context.request.async.WebAsyncManagerIntegrationFilter@58b84c9b, org.springframework.security.web.context.SecurityContextHolderFilter@5f6932af, org.springframework.security.web.header.HeaderWriterFilter@584015c4, org.springframework.security.web.csrf.CsrfFilter@49a0fb37, org.springframework.security.web.authentication.logout.LogoutFilter@5728f8ef, org.springframework.security.web.authentication.UsernamePasswordAuthenticationFilter@722fcac8, org.springframework.security.web.authentication.ui.DefaultLoginPageGeneratingFilter@1324397, org.springframework.security.web.authentication.ui.DefaultLogoutPageGeneratingFilter@35acf12d, org.springframework.security.web.authentication.www.BasicAuthenticationFilter@749b9eef, org.springframework.security.web.savedrequest.RequestCacheAwareFilter@41fcd413, org.springframework.security.web.servletapi.SecurityContextHolderAwareRequestFilter@3f3be1c2, org.springframework.security.web.authentication.AnonymousAuthenticationFilter@18a7c063, org.springframework.security.web.access.ExceptionTranslationFilter@3d3e6afc, org.springframework.security.web.access.intercept.AuthorizationFilter@15fc3291]
2023-07-25 12:59:31,403 INFO [restartedMain] o.s.b.d.a.OptionalLiveReloadServer [OptionalLiveReloadServer.java:59] LiveReload server is running on port 35729
2023-07-25 12:59:31,420 INFO [restartedMain] o.a.c.h.Http11NioProtocol [DirectJDKLog.java:173] Starting ProtocolHandler ["http-nio-8080"]
2023-07-25 12:59:31,436 INFO [restartedMain] o.s.b.w.e.t.TomcatWebServer [TomcatWebServer.java:220] Tomcat started on port(s): 8080 (http) with context path ''
2023-07-25 12:59:31,445 INFO [restartedMain] c.r.e.ExaminationManagementSystemApplication [StartupInfoLogger.java:57] Started ExaminationManagementSystemApplication in 3.561 seconds (process running for 4.561)
2023-07-25 13:00:09,211 INFO [SpringApplicationShutdownHook] o.s.o.j.LocalContainerEntityManagerFactoryBean [AbstractEntityManagerFactoryBean.java:650] Closing JPA EntityManagerFactory for persistence unit 'default'
2023-07-25 13:00:09,214 INFO [SpringApplicationShutdownHook] c.z.h.HikariDataSource [HikariDataSource.java:350] HikariPool-1 - Shutdown initiated...
2023-07-25 13:00:09,218 INFO [SpringApplicationShutdownHook] c.z.h.HikariDataSource [HikariDataSource.java:352] HikariPool-1 - Shutdown completed.
2023-07-25 13:00:11,284 INFO [restartedMain] c.r.e.ExaminationManagementSystemApplication [StartupInfoLogger.java:51] Starting ExaminationManagementSystemApplication using Java 17.0.6 with PID 11388 (C:\Users\Balaji\projects2\examination-management-system\examination-management-system\build\classes\java\main started by Balaji in C:\Users\Balaji\projects2\examination-management-system\examination-management-system)
2023-07-25 13:00:11,286 INFO [restartedMain] c.r.e.ExaminationManagementSystemApplication [SpringApplication.java:634] No active profile set, falling back to 1 default profile: "default"
2023-07-25 13:00:11,322 INFO [restartedMain] o.s.b.d.e.DevToolsPropertyDefaultsPostProcessor [DeferredLog.java:250] Devtools property defaults active! Set 'spring.devtools.add-properties' to 'false' to disable
2023-07-25 13:00:11,322 INFO [restartedMain] o.s.b.d.e.DevToolsPropertyDefaultsPostProcessor [DeferredLog.java:250] For additional web related logging consider setting the 'logging.level.web' property to 'DEBUG'
2023-07-25 13:00:11,790 INFO [restartedMain] o.s.d.r.c.RepositoryConfigurationDelegate [RepositoryConfigurationDelegate.java:138] Bootstrapping Spring Data JPA repositories in DEFAULT mode.
2023-07-25 13:00:11,804 INFO [restartedMain] o.s.d.r.c.RepositoryConfigurationDelegate [RepositoryConfigurationDelegate.java:208] Finished Spring Data repository scanning in 9 ms. Found 0 JPA repository interfaces.
2023-07-25 13:00:12,208 INFO [restartedMain] o.s.b.w.e.t.TomcatWebServer [TomcatWebServer.java:108] Tomcat initialized with port(s): 8080 (http)
2023-07-25 13:00:12,213 INFO [restartedMain] o.a.c.h.Http11NioProtocol [DirectJDKLog.java:173] Initializing ProtocolHandler ["http-nio-8080"]
2023-07-25 13:00:12,215 INFO [restartedMain] o.a.c.c.StandardService [DirectJDKLog.java:173] Starting service [Tomcat]
2023-07-25 13:00:12,215 INFO [restartedMain] o.a.c.c.StandardEngine [DirectJDKLog.java:173] Starting Servlet engine: [Apache Tomcat/10.1.11]
2023-07-25 13:00:12,257 INFO [restartedMain] o.a.c.c.C.[.[.[/] [DirectJDKLog.java:173] Initializing Spring embedded WebApplicationContext
2023-07-25 13:00:12,258 INFO [restartedMain] o.s.b.w.s.c.ServletWebServerApplicationContext [ServletWebServerApplicationContext.java:291] Root WebApplicationContext: initialization completed in 935 ms
2023-07-25 13:00:12,581 INFO [restartedMain] o.s.o.j.p.SpringPersistenceUnitInfo [SpringPersistenceUnitInfo.java:87] No LoadTimeWeaver setup: ignoring JPA class transformer
2023-07-25 13:00:12,592 INFO [restartedMain] c.z.h.HikariDataSource [HikariDataSource.java:110] HikariPool-1 - Starting...
2023-07-25 13:00:12,734 INFO [restartedMain] c.z.h.p.HikariPool [HikariPool.java:565] HikariPool-1 - Added connection org.postgresql.jdbc.PgConnection@444df181
2023-07-25 13:00:12,735 INFO [restartedMain] c.z.h.HikariDataSource [HikariDataSource.java:123] HikariPool-1 - Start completed.
2023-07-25 13:00:13,617 INFO [restartedMain] o.s.o.j.LocalContainerEntityManagerFactoryBean [AbstractEntityManagerFactoryBean.java:437] Initialized JPA EntityManagerFactory for persistence unit 'default'
2023-07-25 13:00:13,653 WARN [restartedMain] o.s.b.a.o.j.JpaBaseConfiguration$JpaWebConfiguration [JpaBaseConfiguration.java:231] spring.jpa.open-in-view is enabled by default. Therefore, database queries may be performed during view rendering. Explicitly configure spring.jpa.open-in-view to disable this warning
2023-07-25 13:00:13,970 WARN [restartedMain] o.s.b.a.s.s.UserDetailsServiceAutoConfiguration [UserDetailsServiceAutoConfiguration.java:87] 

Using generated security password: 0d59ce79-f9db-414f-9f55-9bd8f66fe373

This generated password is for development use only. Your security configuration must be updated before running your application in production.

2023-07-25 13:00:14,066 INFO [restartedMain] o.s.s.w.DefaultSecurityFilterChain [DefaultSecurityFilterChain.java:54] Will secure any request with [org.springframework.security.web.session.DisableEncodeUrlFilter@1d2d74ec, org.springframework.security.web.context.request.async.WebAsyncManagerIntegrationFilter@34751bf3, org.springframework.security.web.context.SecurityContextHolderFilter@2bd5f5e, org.springframework.security.web.header.HeaderWriterFilter@2ae43a4b, org.springframework.security.web.csrf.CsrfFilter@53e42363, org.springframework.security.web.authentication.logout.LogoutFilter@19fe32, org.springframework.security.web.authentication.UsernamePasswordAuthenticationFilter@5d1b9f9d, org.springframework.security.web.authentication.ui.DefaultLoginPageGeneratingFilter@57a33e92, org.springframework.security.web.authentication.ui.DefaultLogoutPageGeneratingFilter@61cc3ae9, org.springframework.security.web.authentication.www.BasicAuthenticationFilter@4cdcb5b7, org.springframework.security.web.savedrequest.RequestCacheAwareFilter@42363978, org.springframework.security.web.servletapi.SecurityContextHolderAwareRequestFilter@62d96051, org.springframework.security.web.authentication.AnonymousAuthenticationFilter@5e801d64, org.springframework.security.web.access.ExceptionTranslationFilter@3b4ec0a0, org.springframework.security.web.access.intercept.AuthorizationFilter@34e03e81]
2023-07-25 13:00:14,087 INFO [restartedMain] o.s.b.d.a.OptionalLiveReloadServer [OptionalLiveReloadServer.java:59] LiveReload server is running on port 35729
2023-07-25 13:00:14,098 INFO [restartedMain] o.a.c.h.Http11NioProtocol [DirectJDKLog.java:173] Starting ProtocolHandler ["http-nio-8080"]
2023-07-25 13:00:14,111 INFO [restartedMain] o.s.b.w.e.t.TomcatWebServer [TomcatWebServer.java:220] Tomcat started on port(s): 8080 (http) with context path ''
2023-07-25 13:00:14,118 INFO [restartedMain] c.r.e.ExaminationManagementSystemApplication [StartupInfoLogger.java:57] Started ExaminationManagementSystemApplication in 3.071 seconds (process running for 3.636)
2023-07-25 13:00:32,677 INFO [SpringApplicationShutdownHook] o.s.o.j.LocalContainerEntityManagerFactoryBean [AbstractEntityManagerFactoryBean.java:650] Closing JPA EntityManagerFactory for persistence unit 'default'
2023-07-25 13:00:32,680 INFO [SpringApplicationShutdownHook] c.z.h.HikariDataSource [HikariDataSource.java:350] HikariPool-1 - Shutdown initiated...
2023-07-25 13:00:32,685 INFO [SpringApplicationShutdownHook] c.z.h.HikariDataSource [HikariDataSource.java:352] HikariPool-1 - Shutdown completed.
2023-07-25 13:00:34,707 INFO [restartedMain] c.r.e.ExaminationManagementSystemApplication [StartupInfoLogger.java:51] Starting ExaminationManagementSystemApplication using Java 17.0.6 with PID 2916 (C:\Users\Balaji\projects2\examination-management-system\examination-management-system\build\classes\java\main started by Balaji in C:\Users\Balaji\projects2\examination-management-system\examination-management-system)
2023-07-25 13:00:34,709 INFO [restartedMain] c.r.e.ExaminationManagementSystemApplication [SpringApplication.java:634] No active profile set, falling back to 1 default profile: "default"
2023-07-25 13:00:34,748 INFO [restartedMain] o.s.b.d.e.DevToolsPropertyDefaultsPostProcessor [DeferredLog.java:250] Devtools property defaults active! Set 'spring.devtools.add-properties' to 'false' to disable
2023-07-25 13:00:34,748 INFO [restartedMain] o.s.b.d.e.DevToolsPropertyDefaultsPostProcessor [DeferredLog.java:250] For additional web related logging consider setting the 'logging.level.web' property to 'DEBUG'
2023-07-25 13:00:35,202 INFO [restartedMain] o.s.d.r.c.RepositoryConfigurationDelegate [RepositoryConfigurationDelegate.java:138] Bootstrapping Spring Data JPA repositories in DEFAULT mode.
2023-07-25 13:00:35,216 INFO [restartedMain] o.s.d.r.c.RepositoryConfigurationDelegate [RepositoryConfigurationDelegate.java:208] Finished Spring Data repository scanning in 9 ms. Found 0 JPA repository interfaces.
2023-07-25 13:00:35,602 INFO [restartedMain] o.s.b.w.e.t.TomcatWebServer [TomcatWebServer.java:108] Tomcat initialized with port(s): 8080 (http)
2023-07-25 13:00:35,607 INFO [restartedMain] o.a.c.h.Http11NioProtocol [DirectJDKLog.java:173] Initializing ProtocolHandler ["http-nio-8080"]
2023-07-25 13:00:35,608 INFO [restartedMain] o.a.c.c.StandardService [DirectJDKLog.java:173] Starting service [Tomcat]
2023-07-25 13:00:35,609 INFO [restartedMain] o.a.c.c.StandardEngine [DirectJDKLog.java:173] Starting Servlet engine: [Apache Tomcat/10.1.11]
2023-07-25 13:00:35,644 INFO [restartedMain] o.a.c.c.C.[.[.[/] [DirectJDKLog.java:173] Initializing Spring embedded WebApplicationContext
2023-07-25 13:00:35,644 INFO [restartedMain] o.s.b.w.s.c.ServletWebServerApplicationContext [ServletWebServerApplicationContext.java:291] Root WebApplicationContext: initialization completed in 895 ms
2023-07-25 13:00:35,953 INFO [restartedMain] o.s.o.j.p.SpringPersistenceUnitInfo [SpringPersistenceUnitInfo.java:87] No LoadTimeWeaver setup: ignoring JPA class transformer
2023-07-25 13:00:35,964 INFO [restartedMain] c.z.h.HikariDataSource [HikariDataSource.java:110] HikariPool-1 - Starting...
2023-07-25 13:00:36,078 INFO [restartedMain] c.z.h.p.HikariPool [HikariPool.java:565] HikariPool-1 - Added connection org.postgresql.jdbc.PgConnection@5e4a973d
2023-07-25 13:00:36,081 INFO [restartedMain] c.z.h.HikariDataSource [HikariDataSource.java:123] HikariPool-1 - Start completed.
2023-07-25 13:00:36,951 INFO [restartedMain] o.s.o.j.LocalContainerEntityManagerFactoryBean [AbstractEntityManagerFactoryBean.java:437] Initialized JPA EntityManagerFactory for persistence unit 'default'
2023-07-25 13:00:36,985 WARN [restartedMain] o.s.b.a.o.j.JpaBaseConfiguration$JpaWebConfiguration [JpaBaseConfiguration.java:231] spring.jpa.open-in-view is enabled by default. Therefore, database queries may be performed during view rendering. Explicitly configure spring.jpa.open-in-view to disable this warning
2023-07-25 13:00:37,217 WARN [restartedMain] o.s.b.a.s.s.UserDetailsServiceAutoConfiguration [UserDetailsServiceAutoConfiguration.java:87] 

Using generated security password: 5a2f57a8-a992-481e-9efa-23d5765dfc75

This generated password is for development use only. Your security configuration must be updated before running your application in production.

2023-07-25 13:00:37,278 INFO [restartedMain] o.s.s.w.DefaultSecurityFilterChain [DefaultSecurityFilterChain.java:54] Will secure any request with [org.springframework.security.web.session.DisableEncodeUrlFilter@72f6e691, org.springframework.security.web.context.request.async.WebAsyncManagerIntegrationFilter@6afe1770, org.springframework.security.web.context.SecurityContextHolderFilter@7b2d5ae5, org.springframework.security.web.header.HeaderWriterFilter@5f21603d, org.springframework.security.web.csrf.CsrfFilter@5b57b1e2, org.springframework.security.web.authentication.logout.LogoutFilter@2ae43a4b, org.springframework.security.web.authentication.UsernamePasswordAuthenticationFilter@54cea456, org.springframework.security.web.authentication.ui.DefaultLoginPageGeneratingFilter@ad2016f, org.springframework.security.web.authentication.ui.DefaultLogoutPageGeneratingFilter@c83e7b, org.springframework.security.web.authentication.www.BasicAuthenticationFilter@6feeefd0, org.springframework.security.web.savedrequest.RequestCacheAwareFilter@5c14cd3b, org.springframework.security.web.servletapi.SecurityContextHolderAwareRequestFilter@5ff0b03e, org.springframework.security.web.authentication.AnonymousAuthenticationFilter@4d5f451a, org.springframework.security.web.access.ExceptionTranslationFilter@c34702a, org.springframework.security.web.access.intercept.AuthorizationFilter@62d96051]
2023-07-25 13:00:37,306 INFO [restartedMain] o.s.b.d.a.OptionalLiveReloadServer [OptionalLiveReloadServer.java:59] LiveReload server is running on port 35729
2023-07-25 13:00:37,329 INFO [restartedMain] o.a.c.h.Http11NioProtocol [DirectJDKLog.java:173] Starting ProtocolHandler ["http-nio-8080"]
2023-07-25 13:00:37,342 INFO [restartedMain] o.s.b.w.e.t.TomcatWebServer [TomcatWebServer.java:220] Tomcat started on port(s): 8080 (http) with context path ''
2023-07-25 13:00:37,350 INFO [restartedMain] c.r.e.ExaminationManagementSystemApplication [StartupInfoLogger.java:57] Started ExaminationManagementSystemApplication in 2.883 seconds (process running for 3.385)
2023-07-25 13:00:37,401 INFO [SpringApplicationShutdownHook] o.s.o.j.LocalContainerEntityManagerFactoryBean [AbstractEntityManagerFactoryBean.java:650] Closing JPA EntityManagerFactory for persistence unit 'default'
2023-07-25 13:00:37,404 INFO [SpringApplicationShutdownHook] c.z.h.HikariDataSource [HikariDataSource.java:350] HikariPool-1 - Shutdown initiated...
2023-07-25 13:00:37,408 INFO [SpringApplicationShutdownHook] c.z.h.HikariDataSource [HikariDataSource.java:352] HikariPool-1 - Shutdown completed.
2023-07-25 13:00:39,244 INFO [restartedMain] c.r.e.ExaminationManagementSystemApplication [StartupInfoLogger.java:51] Starting ExaminationManagementSystemApplication using Java 17.0.6 with PID 10508 (C:\Users\Balaji\projects2\examination-management-system\examination-management-system\build\classes\java\main started by Balaji in C:\Users\Balaji\projects2\examination-management-system\examination-management-system)
2023-07-25 13:00:39,246 INFO [restartedMain] c.r.e.ExaminationManagementSystemApplication [SpringApplication.java:634] No active profile set, falling back to 1 default profile: "default"
2023-07-25 13:00:39,280 INFO [restartedMain] o.s.b.d.e.DevToolsPropertyDefaultsPostProcessor [DeferredLog.java:250] Devtools property defaults active! Set 'spring.devtools.add-properties' to 'false' to disable
2023-07-25 13:00:39,281 INFO [restartedMain] o.s.b.d.e.DevToolsPropertyDefaultsPostProcessor [DeferredLog.java:250] For additional web related logging consider setting the 'logging.level.web' property to 'DEBUG'
2023-07-25 13:00:39,767 INFO [restartedMain] o.s.d.r.c.RepositoryConfigurationDelegate [RepositoryConfigurationDelegate.java:138] Bootstrapping Spring Data JPA repositories in DEFAULT mode.
2023-07-25 13:00:39,782 INFO [restartedMain] o.s.d.r.c.RepositoryConfigurationDelegate [RepositoryConfigurationDelegate.java:208] Finished Spring Data repository scanning in 9 ms. Found 0 JPA repository interfaces.
2023-07-25 13:00:40,183 INFO [restartedMain] o.s.b.w.e.t.TomcatWebServer [TomcatWebServer.java:108] Tomcat initialized with port(s): 8080 (http)
2023-07-25 13:00:40,188 INFO [restartedMain] o.a.c.h.Http11NioProtocol [DirectJDKLog.java:173] Initializing ProtocolHandler ["http-nio-8080"]
2023-07-25 13:00:40,189 INFO [restartedMain] o.a.c.c.StandardService [DirectJDKLog.java:173] Starting service [Tomcat]
2023-07-25 13:00:40,190 INFO [restartedMain] o.a.c.c.StandardEngine [DirectJDKLog.java:173] Starting Servlet engine: [Apache Tomcat/10.1.11]
2023-07-25 13:00:40,228 INFO [restartedMain] o.a.c.c.C.[.[.[/] [DirectJDKLog.java:173] Initializing Spring embedded WebApplicationContext
2023-07-25 13:00:40,228 INFO [restartedMain] o.s.b.w.s.c.ServletWebServerApplicationContext [ServletWebServerApplicationContext.java:291] Root WebApplicationContext: initialization completed in 947 ms
2023-07-25 13:00:40,566 INFO [restartedMain] o.s.o.j.p.SpringPersistenceUnitInfo [SpringPersistenceUnitInfo.java:87] No LoadTimeWeaver setup: ignoring JPA class transformer
2023-07-25 13:00:40,576 INFO [restartedMain] c.z.h.HikariDataSource [HikariDataSource.java:110] HikariPool-1 - Starting...
2023-07-25 13:00:40,808 INFO [restartedMain] c.z.h.p.HikariPool [HikariPool.java:565] HikariPool-1 - Added connection org.postgresql.jdbc.PgConnection@72c3f0d5
2023-07-25 13:00:40,809 INFO [restartedMain] c.z.h.HikariDataSource [HikariDataSource.java:123] HikariPool-1 - Start completed.
2023-07-25 13:00:41,666 INFO [restartedMain] o.s.o.j.LocalContainerEntityManagerFactoryBean [AbstractEntityManagerFactoryBean.java:437] Initialized JPA EntityManagerFactory for persistence unit 'default'
2023-07-25 13:00:41,698 WARN [restartedMain] o.s.b.a.o.j.JpaBaseConfiguration$JpaWebConfiguration [JpaBaseConfiguration.java:231] spring.jpa.open-in-view is enabled by default. Therefore, database queries may be performed during view rendering. Explicitly configure spring.jpa.open-in-view to disable this warning
2023-07-25 13:00:41,939 WARN [restartedMain] o.s.b.a.s.s.UserDetailsServiceAutoConfiguration [UserDetailsServiceAutoConfiguration.java:87] 

Using generated security password: 21d36c51-fdc5-4730-8f15-2ef75621d522

This generated password is for development use only. Your security configuration must be updated before running your application in production.

2023-07-25 13:00:42,005 INFO [restartedMain] o.s.s.w.DefaultSecurityFilterChain [DefaultSecurityFilterChain.java:54] Will secure any request with [org.springframework.security.web.session.DisableEncodeUrlFilter@34751bf3, org.springframework.security.web.context.request.async.WebAsyncManagerIntegrationFilter@61cc3ae9, org.springframework.security.web.context.SecurityContextHolderFilter@9801b20, org.springframework.security.web.header.HeaderWriterFilter@c08fea6, org.springframework.security.web.csrf.CsrfFilter@ad2016f, org.springframework.security.web.authentication.logout.LogoutFilter@3c3be45a, org.springframework.security.web.authentication.UsernamePasswordAuthenticationFilter@5254ee35, org.springframework.security.web.authentication.ui.DefaultLoginPageGeneratingFilter@13f487f7, org.springframework.security.web.authentication.ui.DefaultLogoutPageGeneratingFilter@5e801d64, org.springframework.security.web.authentication.www.BasicAuthenticationFilter@447223cf, org.springframework.security.web.savedrequest.RequestCacheAwareFilter@70a8c135, org.springframework.security.web.servletapi.SecurityContextHolderAwareRequestFilter@54cea456, org.springframework.security.web.authentication.AnonymousAuthenticationFilter@28fc984c, org.springframework.security.web.access.ExceptionTranslationFilter@1b2b0b6b, org.springframework.security.web.access.intercept.AuthorizationFilter@5d1b9f9d]
2023-07-25 13:00:42,035 INFO [restartedMain] o.s.b.d.a.OptionalLiveReloadServer [OptionalLiveReloadServer.java:59] LiveReload server is running on port 35729
2023-07-25 13:00:42,051 INFO [restartedMain] o.a.c.h.Http11NioProtocol [DirectJDKLog.java:173] Starting ProtocolHandler ["http-nio-8080"]
2023-07-25 13:00:42,065 INFO [restartedMain] o.s.b.w.e.t.TomcatWebServer [TomcatWebServer.java:220] Tomcat started on port(s): 8080 (http) with context path ''
2023-07-25 13:00:42,073 INFO [restartedMain] c.r.e.ExaminationManagementSystemApplication [StartupInfoLogger.java:57] Started ExaminationManagementSystemApplication in 3.07 seconds (process running for 3.561)
2023-07-25 13:00:43,779 INFO [SpringApplicationShutdownHook] o.s.o.j.LocalContainerEntityManagerFactoryBean [AbstractEntityManagerFactoryBean.java:650] Closing JPA EntityManagerFactory for persistence unit 'default'
2023-07-25 13:00:43,781 INFO [SpringApplicationShutdownHook] c.z.h.HikariDataSource [HikariDataSource.java:350] HikariPool-1 - Shutdown initiated...
2023-07-25 13:00:43,786 INFO [SpringApplicationShutdownHook] c.z.h.HikariDataSource [HikariDataSource.java:352] HikariPool-1 - Shutdown completed.
2023-07-25 13:01:10,197 INFO [restartedMain] c.r.e.ExaminationManagementSystemApplication [StartupInfoLogger.java:51] Starting ExaminationManagementSystemApplication using Java 17.0.6 with PID 15064 (C:\Users\Balaji\projects2\examination-management-system\examination-management-system\build\classes\java\main started by Balaji in C:\Users\Balaji\projects2\examination-management-system\examination-management-system)
2023-07-25 13:01:10,201 INFO [restartedMain] c.r.e.ExaminationManagementSystemApplication [SpringApplication.java:634] No active profile set, falling back to 1 default profile: "default"
2023-07-25 13:01:10,239 INFO [restartedMain] o.s.b.d.e.DevToolsPropertyDefaultsPostProcessor [DeferredLog.java:250] Devtools property defaults active! Set 'spring.devtools.add-properties' to 'false' to disable
2023-07-25 13:01:10,240 INFO [restartedMain] o.s.b.d.e.DevToolsPropertyDefaultsPostProcessor [DeferredLog.java:250] For additional web related logging consider setting the 'logging.level.web' property to 'DEBUG'
2023-07-25 13:01:10,795 INFO [restartedMain] o.s.d.r.c.RepositoryConfigurationDelegate [RepositoryConfigurationDelegate.java:138] Bootstrapping Spring Data JPA repositories in DEFAULT mode.
2023-07-25 13:01:10,811 INFO [restartedMain] o.s.d.r.c.RepositoryConfigurationDelegate [RepositoryConfigurationDelegate.java:208] Finished Spring Data repository scanning in 9 ms. Found 0 JPA repository interfaces.
2023-07-25 13:01:11,260 INFO [restartedMain] o.s.b.w.e.t.TomcatWebServer [TomcatWebServer.java:108] Tomcat initialized with port(s): 8080 (http)
2023-07-25 13:01:11,266 INFO [restartedMain] o.a.c.h.Http11NioProtocol [DirectJDKLog.java:173] Initializing ProtocolHandler ["http-nio-8080"]
2023-07-25 13:01:11,268 INFO [restartedMain] o.a.c.c.StandardService [DirectJDKLog.java:173] Starting service [Tomcat]
2023-07-25 13:01:11,268 INFO [restartedMain] o.a.c.c.StandardEngine [DirectJDKLog.java:173] Starting Servlet engine: [Apache Tomcat/10.1.11]
2023-07-25 13:01:11,314 INFO [restartedMain] o.a.c.c.C.[.[.[/] [DirectJDKLog.java:173] Initializing Spring embedded WebApplicationContext
2023-07-25 13:01:11,315 INFO [restartedMain] o.s.b.w.s.c.ServletWebServerApplicationContext [ServletWebServerApplicationContext.java:291] Root WebApplicationContext: initialization completed in 1075 ms
2023-07-25 13:01:11,715 INFO [restartedMain] o.s.o.j.p.SpringPersistenceUnitInfo [SpringPersistenceUnitInfo.java:87] No LoadTimeWeaver setup: ignoring JPA class transformer
2023-07-25 13:01:11,728 INFO [restartedMain] c.z.h.HikariDataSource [HikariDataSource.java:110] HikariPool-1 - Starting...
2023-07-25 13:01:11,880 INFO [restartedMain] c.z.h.p.HikariPool [HikariPool.java:565] HikariPool-1 - Added connection org.postgresql.jdbc.PgConnection@5cfd3150
2023-07-25 13:01:11,882 INFO [restartedMain] c.z.h.HikariDataSource [HikariDataSource.java:123] HikariPool-1 - Start completed.
2023-07-25 13:01:12,944 INFO [restartedMain] o.s.o.j.LocalContainerEntityManagerFactoryBean [AbstractEntityManagerFactoryBean.java:437] Initialized JPA EntityManagerFactory for persistence unit 'default'
2023-07-25 13:01:12,979 WARN [restartedMain] o.s.b.a.o.j.JpaBaseConfiguration$JpaWebConfiguration [JpaBaseConfiguration.java:231] spring.jpa.open-in-view is enabled by default. Therefore, database queries may be performed during view rendering. Explicitly configure spring.jpa.open-in-view to disable this warning
2023-07-25 13:01:13,241 WARN [restartedMain] o.s.b.a.s.s.UserDetailsServiceAutoConfiguration [UserDetailsServiceAutoConfiguration.java:87] 

Using generated security password: 672c76d7-51cc-49ff-8d8d-571bbe977aa9

This generated password is for development use only. Your security configuration must be updated before running your application in production.

2023-07-25 13:01:13,321 INFO [restartedMain] o.s.s.w.DefaultSecurityFilterChain [DefaultSecurityFilterChain.java:54] Will secure any request with [org.springframework.security.web.session.DisableEncodeUrlFilter@6fecf94a, org.springframework.security.web.context.request.async.WebAsyncManagerIntegrationFilter@7bc0bf82, org.springframework.security.web.context.SecurityContextHolderFilter@1817dbba, org.springframework.security.web.header.HeaderWriterFilter@4eeda2ea, org.springframework.security.web.csrf.CsrfFilter@45a7217a, org.springframework.security.web.authentication.logout.LogoutFilter@4d5f451a, org.springframework.security.web.authentication.UsernamePasswordAuthenticationFilter@125ad1ec, org.springframework.security.web.authentication.ui.DefaultLoginPageGeneratingFilter@115766fa, org.springframework.security.web.authentication.ui.DefaultLogoutPageGeneratingFilter@19f7c9b7, org.springframework.security.web.authentication.www.BasicAuthenticationFilter@262653d6, org.springframework.security.web.savedrequest.RequestCacheAwareFilter@1b2b0b6b, org.springframework.security.web.servletapi.SecurityContextHolderAwareRequestFilter@2bd5f5e, org.springframework.security.web.authentication.AnonymousAuthenticationFilter@4cdcb5b7, org.springframework.security.web.access.ExceptionTranslationFilter@2cb17013, org.springframework.security.web.access.intercept.AuthorizationFilter@5dfd5c0f]
2023-07-25 13:01:13,350 INFO [restartedMain] o.s.b.d.a.OptionalLiveReloadServer [OptionalLiveReloadServer.java:59] LiveReload server is running on port 35729
2023-07-25 13:01:13,368 INFO [restartedMain] o.a.c.h.Http11NioProtocol [DirectJDKLog.java:173] Starting ProtocolHandler ["http-nio-8080"]
2023-07-25 13:01:13,387 INFO [restartedMain] o.s.b.w.e.t.TomcatWebServer [TomcatWebServer.java:220] Tomcat started on port(s): 8080 (http) with context path ''
2023-07-25 13:01:13,395 INFO [restartedMain] c.r.e.ExaminationManagementSystemApplication [StartupInfoLogger.java:57] Started ExaminationManagementSystemApplication in 3.451 seconds (process running for 4.018)
2023-07-25 13:01:16,522 INFO [SpringApplicationShutdownHook] o.s.o.j.LocalContainerEntityManagerFactoryBean [AbstractEntityManagerFactoryBean.java:650] Closing JPA EntityManagerFactory for persistence unit 'default'
2023-07-25 13:01:16,525 INFO [SpringApplicationShutdownHook] c.z.h.HikariDataSource [HikariDataSource.java:350] HikariPool-1 - Shutdown initiated...
2023-07-25 13:01:16,529 INFO [SpringApplicationShutdownHook] c.z.h.HikariDataSource [HikariDataSource.java:352] HikariPool-1 - Shutdown completed.
2023-07-25 13:02:32,708 INFO [restartedMain] c.r.e.ExaminationManagementSystemApplication [StartupInfoLogger.java:51] Starting ExaminationManagementSystemApplication using Java 17.0.6 with PID 2076 (C:\Users\Balaji\projects2\examination-management-system\examination-management-system\build\classes\java\main started by Balaji in C:\Users\Balaji\projects2\examination-management-system\examination-management-system)
2023-07-25 13:02:32,711 INFO [restartedMain] c.r.e.ExaminationManagementSystemApplication [SpringApplication.java:634] No active profile set, falling back to 1 default profile: "default"
2023-07-25 13:02:32,757 INFO [restartedMain] o.s.b.d.e.DevToolsPropertyDefaultsPostProcessor [DeferredLog.java:250] Devtools property defaults active! Set 'spring.devtools.add-properties' to 'false' to disable
2023-07-25 13:02:32,757 INFO [restartedMain] o.s.b.d.e.DevToolsPropertyDefaultsPostProcessor [DeferredLog.java:250] For additional web related logging consider setting the 'logging.level.web' property to 'DEBUG'
2023-07-25 13:02:33,289 INFO [restartedMain] o.s.d.r.c.RepositoryConfigurationDelegate [RepositoryConfigurationDelegate.java:138] Bootstrapping Spring Data JPA repositories in DEFAULT mode.
2023-07-25 13:02:33,302 INFO [restartedMain] o.s.d.r.c.RepositoryConfigurationDelegate [RepositoryConfigurationDelegate.java:208] Finished Spring Data repository scanning in 9 ms. Found 0 JPA repository interfaces.
2023-07-25 13:02:33,758 INFO [restartedMain] o.s.b.w.e.t.TomcatWebServer [TomcatWebServer.java:108] Tomcat initialized with port(s): 8080 (http)
2023-07-25 13:02:33,765 INFO [restartedMain] o.a.c.h.Http11NioProtocol [DirectJDKLog.java:173] Initializing ProtocolHandler ["http-nio-8080"]
2023-07-25 13:02:33,766 INFO [restartedMain] o.a.c.c.StandardService [DirectJDKLog.java:173] Starting service [Tomcat]
2023-07-25 13:02:33,767 INFO [restartedMain] o.a.c.c.StandardEngine [DirectJDKLog.java:173] Starting Servlet engine: [Apache Tomcat/10.1.11]
2023-07-25 13:02:33,813 INFO [restartedMain] o.a.c.c.C.[.[.[/] [DirectJDKLog.java:173] Initializing Spring embedded WebApplicationContext
2023-07-25 13:02:33,813 INFO [restartedMain] o.s.b.w.s.c.ServletWebServerApplicationContext [ServletWebServerApplicationContext.java:291] Root WebApplicationContext: initialization completed in 1055 ms
2023-07-25 13:02:34,200 INFO [restartedMain] o.s.o.j.p.SpringPersistenceUnitInfo [SpringPersistenceUnitInfo.java:87] No LoadTimeWeaver setup: ignoring JPA class transformer
2023-07-25 13:02:34,214 INFO [restartedMain] c.z.h.HikariDataSource [HikariDataSource.java:110] HikariPool-1 - Starting...
2023-07-25 13:02:34,357 INFO [restartedMain] c.z.h.p.HikariPool [HikariPool.java:565] HikariPool-1 - Added connection org.postgresql.jdbc.PgConnection@6d5cbcee
2023-07-25 13:02:34,358 INFO [restartedMain] c.z.h.HikariDataSource [HikariDataSource.java:123] HikariPool-1 - Start completed.
2023-07-25 13:02:35,303 INFO [restartedMain] o.s.o.j.LocalContainerEntityManagerFactoryBean [AbstractEntityManagerFactoryBean.java:437] Initialized JPA EntityManagerFactory for persistence unit 'default'
2023-07-25 13:02:35,336 WARN [restartedMain] o.s.b.a.o.j.JpaBaseConfiguration$JpaWebConfiguration [JpaBaseConfiguration.java:231] spring.jpa.open-in-view is enabled by default. Therefore, database queries may be performed during view rendering. Explicitly configure spring.jpa.open-in-view to disable this warning
2023-07-25 13:02:35,588 WARN [restartedMain] o.s.b.a.s.s.UserDetailsServiceAutoConfiguration [UserDetailsServiceAutoConfiguration.java:87] 

Using generated security password: 7e5605ac-3e9b-4e68-9ff3-0caabd1de92a

This generated password is for development use only. Your security configuration must be updated before running your application in production.

2023-07-25 13:02:35,668 INFO [restartedMain] o.s.s.w.DefaultSecurityFilterChain [DefaultSecurityFilterChain.java:54] Will secure any request with [org.springframework.security.web.session.DisableEncodeUrlFilter@5cb36206, org.springframework.security.web.context.request.async.WebAsyncManagerIntegrationFilter@1319ef20, org.springframework.security.web.context.SecurityContextHolderFilter@28410b4, org.springframework.security.web.header.HeaderWriterFilter@a7e5571, org.springframework.security.web.csrf.CsrfFilter@72c398c5, org.springframework.security.web.authentication.logout.LogoutFilter@37e4d6f5, org.springframework.security.web.authentication.UsernamePasswordAuthenticationFilter@129823cd, org.springframework.security.web.authentication.ui.DefaultLoginPageGeneratingFilter@77287e72, org.springframework.security.web.authentication.ui.DefaultLogoutPageGeneratingFilter@38083f76, org.springframework.security.web.authentication.www.BasicAuthenticationFilter@103bfbd3, org.springframework.security.web.savedrequest.RequestCacheAwareFilter@223e7f7d, org.springframework.security.web.servletapi.SecurityContextHolderAwareRequestFilter@64e3e919, org.springframework.security.web.authentication.AnonymousAuthenticationFilter@5f59484d, org.springframework.security.web.access.ExceptionTranslationFilter@45d4aa78, org.springframework.security.web.access.intercept.AuthorizationFilter@21e5c926]
2023-07-25 13:02:35,713 INFO [restartedMain] o.s.b.d.a.OptionalLiveReloadServer [OptionalLiveReloadServer.java:59] LiveReload server is running on port 35729
2023-07-25 13:02:35,733 INFO [restartedMain] o.a.c.h.Http11NioProtocol [DirectJDKLog.java:173] Starting ProtocolHandler ["http-nio-8080"]
2023-07-25 13:02:35,762 INFO [restartedMain] o.s.b.w.e.t.TomcatWebServer [TomcatWebServer.java:220] Tomcat started on port(s): 8080 (http) with context path ''
2023-07-25 13:02:35,775 INFO [restartedMain] c.r.e.ExaminationManagementSystemApplication [StartupInfoLogger.java:57] Started ExaminationManagementSystemApplication in 3.361 seconds (process running for 4.036)
2023-07-25 13:02:53,417 INFO [SpringApplicationShutdownHook] o.s.o.j.LocalContainerEntityManagerFactoryBean [AbstractEntityManagerFactoryBean.java:650] Closing JPA EntityManagerFactory for persistence unit 'default'
2023-07-25 13:02:53,420 INFO [SpringApplicationShutdownHook] c.z.h.HikariDataSource [HikariDataSource.java:350] HikariPool-1 - Shutdown initiated...
2023-07-25 13:02:53,424 INFO [SpringApplicationShutdownHook] c.z.h.HikariDataSource [HikariDataSource.java:352] HikariPool-1 - Shutdown completed.
2023-07-25 13:04:36,462 INFO [restartedMain] c.r.e.ExaminationManagementSystemApplication [StartupInfoLogger.java:51] Starting ExaminationManagementSystemApplication using Java 17.0.6 with PID 15804 (C:\Users\Balaji\projects2\examination-management-system\examination-management-system\build\classes\java\main started by Balaji in C:\Users\Balaji\projects2\examination-management-system\examination-management-system)
2023-07-25 13:04:36,464 INFO [restartedMain] c.r.e.ExaminationManagementSystemApplication [SpringApplication.java:634] No active profile set, falling back to 1 default profile: "default"
2023-07-25 13:04:36,500 INFO [restartedMain] o.s.b.d.e.DevToolsPropertyDefaultsPostProcessor [DeferredLog.java:250] Devtools property defaults active! Set 'spring.devtools.add-properties' to 'false' to disable
2023-07-25 13:04:36,501 INFO [restartedMain] o.s.b.d.e.DevToolsPropertyDefaultsPostProcessor [DeferredLog.java:250] For additional web related logging consider setting the 'logging.level.web' property to 'DEBUG'
2023-07-25 13:04:37,041 INFO [restartedMain] o.s.d.r.c.RepositoryConfigurationDelegate [RepositoryConfigurationDelegate.java:138] Bootstrapping Spring Data JPA repositories in DEFAULT mode.
2023-07-25 13:04:37,059 INFO [restartedMain] o.s.d.r.c.RepositoryConfigurationDelegate [RepositoryConfigurationDelegate.java:208] Finished Spring Data repository scanning in 11 ms. Found 0 JPA repository interfaces.
2023-07-25 13:04:37,528 INFO [restartedMain] o.s.b.w.e.t.TomcatWebServer [TomcatWebServer.java:108] Tomcat initialized with port(s): 8080 (http)
2023-07-25 13:04:37,535 INFO [restartedMain] o.a.c.h.Http11NioProtocol [DirectJDKLog.java:173] Initializing ProtocolHandler ["http-nio-8080"]
2023-07-25 13:04:37,536 INFO [restartedMain] o.a.c.c.StandardService [DirectJDKLog.java:173] Starting service [Tomcat]
2023-07-25 13:04:37,537 INFO [restartedMain] o.a.c.c.StandardEngine [DirectJDKLog.java:173] Starting Servlet engine: [Apache Tomcat/10.1.11]
2023-07-25 13:04:37,577 INFO [restartedMain] o.a.c.c.C.[.[.[/] [DirectJDKLog.java:173] Initializing Spring embedded WebApplicationContext
2023-07-25 13:04:37,577 INFO [restartedMain] o.s.b.w.s.c.ServletWebServerApplicationContext [ServletWebServerApplicationContext.java:291] Root WebApplicationContext: initialization completed in 1076 ms
2023-07-25 13:04:37,964 INFO [restartedMain] o.s.o.j.p.SpringPersistenceUnitInfo [SpringPersistenceUnitInfo.java:87] No LoadTimeWeaver setup: ignoring JPA class transformer
2023-07-25 13:04:37,979 INFO [restartedMain] c.z.h.HikariDataSource [HikariDataSource.java:110] HikariPool-1 - Starting...
2023-07-25 13:04:38,179 INFO [restartedMain] c.z.h.p.HikariPool [HikariPool.java:565] HikariPool-1 - Added connection org.postgresql.jdbc.PgConnection@1ba76b69
2023-07-25 13:04:38,181 INFO [restartedMain] c.z.h.HikariDataSource [HikariDataSource.java:123] HikariPool-1 - Start completed.
2023-07-25 13:04:39,277 INFO [restartedMain] o.s.o.j.LocalContainerEntityManagerFactoryBean [AbstractEntityManagerFactoryBean.java:437] Initialized JPA EntityManagerFactory for persistence unit 'default'
2023-07-25 13:04:39,309 WARN [restartedMain] o.s.b.a.o.j.JpaBaseConfiguration$JpaWebConfiguration [JpaBaseConfiguration.java:231] spring.jpa.open-in-view is enabled by default. Therefore, database queries may be performed during view rendering. Explicitly configure spring.jpa.open-in-view to disable this warning
2023-07-25 13:04:39,560 WARN [restartedMain] o.s.b.a.s.s.UserDetailsServiceAutoConfiguration [UserDetailsServiceAutoConfiguration.java:87] 

Using generated security password: ee694a0a-173d-4d3b-8d7f-100788b30d08

This generated password is for development use only. Your security configuration must be updated before running your application in production.

2023-07-25 13:04:39,632 INFO [restartedMain] o.s.s.w.DefaultSecurityFilterChain [DefaultSecurityFilterChain.java:54] Will secure any request with [org.springframework.security.web.session.DisableEncodeUrlFilter@3167c025, org.springframework.security.web.context.request.async.WebAsyncManagerIntegrationFilter@4c65a13c, org.springframework.security.web.context.SecurityContextHolderFilter@31fb1d35, org.springframework.security.web.header.HeaderWriterFilter@5dfd5c0f, org.springframework.security.web.csrf.CsrfFilter@2b52c316, org.springframework.security.web.authentication.logout.LogoutFilter@27d96f6b, org.springframework.security.web.authentication.UsernamePasswordAuthenticationFilter@21598a32, org.springframework.security.web.authentication.ui.DefaultLoginPageGeneratingFilter@6fecf94a, org.springframework.security.web.authentication.ui.DefaultLogoutPageGeneratingFilter@1ad64a4d, org.springframework.security.web.authentication.www.BasicAuthenticationFilter@2a7af0ad, org.springframework.security.web.savedrequest.RequestCacheAwareFilter@424056b6, org.springframework.security.web.servletapi.SecurityContextHolderAwareRequestFilter@12e1e72f, org.springframework.security.web.authentication.AnonymousAuthenticationFilter@7f51eb1f, org.springframework.security.web.access.ExceptionTranslationFilter@3c3be45a, org.springframework.security.web.access.intercept.AuthorizationFilter@748317f3]
2023-07-25 13:04:39,659 INFO [restartedMain] o.s.b.d.a.OptionalLiveReloadServer [OptionalLiveReloadServer.java:59] LiveReload server is running on port 35729
2023-07-25 13:04:39,673 INFO [restartedMain] o.a.c.h.Http11NioProtocol [DirectJDKLog.java:173] Starting ProtocolHandler ["http-nio-8080"]
2023-07-25 13:04:39,691 INFO [restartedMain] o.s.b.w.e.t.TomcatWebServer [TomcatWebServer.java:220] Tomcat started on port(s): 8080 (http) with context path ''
2023-07-25 13:04:39,700 INFO [restartedMain] c.r.e.ExaminationManagementSystemApplication [StartupInfoLogger.java:57] Started ExaminationManagementSystemApplication in 3.507 seconds (process running for 4.118)
2023-07-25 13:04:51,626 INFO [SpringApplicationShutdownHook] o.s.o.j.LocalContainerEntityManagerFactoryBean [AbstractEntityManagerFactoryBean.java:650] Closing JPA EntityManagerFactory for persistence unit 'default'
2023-07-25 13:04:51,629 INFO [SpringApplicationShutdownHook] c.z.h.HikariDataSource [HikariDataSource.java:350] HikariPool-1 - Shutdown initiated...
2023-07-25 13:04:51,633 INFO [SpringApplicationShutdownHook] c.z.h.HikariDataSource [HikariDataSource.java:352] HikariPool-1 - Shutdown completed.
