2023-07-25 12:37:17.583 [background-preinit] INFO  o.h.validator.internal.util.Version - HV000001: Hibernate Validator 8.0.1.Final
2023-07-25 12:37:17.612 [restartedMain] INFO  c.r.e.ExaminationManagementSystemApplication - Starting ExaminationManagementSystemApplication using Java 17.0.6 with PID 14844 (C:\Users\Balaji\projects2\examination-management-system\examination-management-system\build\classes\java\main started by Balaji in C:\Users\Balaji\projects2\examination-management-system\examination-management-system)
2023-07-25 12:37:17.614 [restartedMain] INFO  c.r.e.ExaminationManagementSystemApplication - No active profile set, falling back to 1 default profile: "default"
2023-07-25 12:37:17.655 [restartedMain] INFO  o.s.b.d.e.DevToolsPropertyDefaultsPostProcessor - Devtools property defaults active! Set 'spring.devtools.add-properties' to 'false' to disable
2023-07-25 12:37:17.655 [restartedMain] INFO  o.s.b.d.e.DevToolsPropertyDefaultsPostProcessor - For additional web related logging consider setting the 'logging.level.web' property to 'DEBUG'
2023-07-25 12:37:18.136 [restartedMain] INFO  o.s.d.r.c.RepositoryConfigurationDelegate - Bootstrapping Spring Data JPA repositories in DEFAULT mode.
2023-07-25 12:37:18.151 [restartedMain] INFO  o.s.d.r.c.RepositoryConfigurationDelegate - Finished Spring Data repository scanning in 9 ms. Found 0 JPA repository interfaces.
2023-07-25 12:37:18.583 [restartedMain] INFO  o.s.b.w.e.tomcat.TomcatWebServer - Tomcat initialized with port(s): 8080 (http)
2023-07-25 12:37:18.591 [restartedMain] INFO  o.a.coyote.http11.Http11NioProtocol - Initializing ProtocolHandler ["http-nio-8080"]
2023-07-25 12:37:18.592 [restartedMain] INFO  o.a.catalina.core.StandardService - Starting service [Tomcat]
2023-07-25 12:37:18.592 [restartedMain] INFO  o.a.catalina.core.StandardEngine - Starting Servlet engine: [Apache Tomcat/10.1.11]
2023-07-25 12:37:18.649 [restartedMain] INFO  o.a.c.c.C.[Tomcat].[localhost].[/] - Initializing Spring embedded WebApplicationContext
2023-07-25 12:37:18.649 [restartedMain] INFO  o.s.b.w.s.c.ServletWebServerApplicationContext - Root WebApplicationContext: initialization completed in 994 ms
2023-07-25 12:37:18.774 [restartedMain] INFO  o.h.jpa.internal.util.LogHelper - HHH000204: Processing PersistenceUnitInfo [name: default]
2023-07-25 12:37:18.846 [restartedMain] INFO  org.hibernate.Version - HHH000412: Hibernate ORM core version 6.2.6.Final
2023-07-25 12:37:18.849 [restartedMain] INFO  org.hibernate.cfg.Environment - HHH000406: Using bytecode reflection optimizer
2023-07-25 12:37:18.947 [restartedMain] INFO  o.h.b.i.BytecodeProviderInitiator - HHH000021: Bytecode provider name : bytebuddy
2023-07-25 12:37:19.074 [restartedMain] INFO  o.s.o.j.p.SpringPersistenceUnitInfo - No LoadTimeWeaver setup: ignoring JPA class transformer
2023-07-25 12:37:19.089 [restartedMain] INFO  com.zaxxer.hikari.HikariDataSource - HikariPool-1 - Starting...
2023-07-25 12:37:19.223 [restartedMain] INFO  com.zaxxer.hikari.pool.HikariPool - HikariPool-1 - Added connection org.postgresql.jdbc.PgConnection@4f494a0f
2023-07-25 12:37:19.225 [restartedMain] INFO  com.zaxxer.hikari.HikariDataSource - HikariPool-1 - Start completed.
2023-07-25 12:37:19.527 [restartedMain] INFO  o.h.b.i.BytecodeProviderInitiator - HHH000021: Bytecode provider name : bytebuddy
2023-07-25 12:37:20.228 [restartedMain] INFO  o.h.e.t.j.p.i.JtaPlatformInitiator - HHH000490: Using JtaPlatform implementation: [org.hibernate.engine.transaction.jta.platform.internal.NoJtaPlatform]
2023-07-25 12:37:20.326 [restartedMain] INFO  o.s.o.j.LocalContainerEntityManagerFactoryBean - Initialized JPA EntityManagerFactory for persistence unit 'default'
2023-07-25 12:37:20.365 [restartedMain] WARN  o.s.b.a.o.j.JpaBaseConfiguration$JpaWebConfiguration - spring.jpa.open-in-view is enabled by default. Therefore, database queries may be performed during view rendering. Explicitly configure spring.jpa.open-in-view to disable this warning
2023-07-25 12:37:20.597 [restartedMain] WARN  o.s.b.a.s.s.UserDetailsServiceAutoConfiguration - 

Using generated security password: b77f82b2-77ff-4ef2-bc1b-c9b614024dd0

This generated password is for development use only. Your security configuration must be updated before running your application in production.

2023-07-25 12:37:20.667 [restartedMain] INFO  o.s.s.web.DefaultSecurityFilterChain - Will secure any request with [org.springframework.security.web.session.DisableEncodeUrlFilter@4ae3fa64, org.springframework.security.web.context.request.async.WebAsyncManagerIntegrationFilter@3308b0b0, org.springframework.security.web.context.SecurityContextHolderFilter@5b905276, org.springframework.security.web.header.HeaderWriterFilter@7f4aa190, org.springframework.security.web.csrf.CsrfFilter@e4a70f6, org.springframework.security.web.authentication.logout.LogoutFilter@639f405d, org.springframework.security.web.authentication.UsernamePasswordAuthenticationFilter@4f361396, org.springframework.security.web.authentication.ui.DefaultLoginPageGeneratingFilter@6f95a962, org.springframework.security.web.authentication.ui.DefaultLogoutPageGeneratingFilter@4a05881d, org.springframework.security.web.authentication.www.BasicAuthenticationFilter@3dd88949, org.springframework.security.web.savedrequest.RequestCacheAwareFilter@d5b617c, org.springframework.security.web.servletapi.SecurityContextHolderAwareRequestFilter@610a38fa, org.springframework.security.web.authentication.AnonymousAuthenticationFilter@2b41cd98, org.springframework.security.web.access.ExceptionTranslationFilter@7f2cf6d3, org.springframework.security.web.access.intercept.AuthorizationFilter@3326153e]
2023-07-25 12:37:20.695 [restartedMain] INFO  o.s.b.d.a.OptionalLiveReloadServer - LiveReload server is running on port 35729
2023-07-25 12:37:20.714 [restartedMain] INFO  o.a.coyote.http11.Http11NioProtocol - Starting ProtocolHandler ["http-nio-8080"]
2023-07-25 12:37:20.730 [restartedMain] INFO  o.s.b.w.e.tomcat.TomcatWebServer - Tomcat started on port(s): 8080 (http) with context path ''
2023-07-25 12:37:20.738 [restartedMain] INFO  c.r.e.ExaminationManagementSystemApplication - Started ExaminationManagementSystemApplication in 3.377 seconds (process running for 4.033)
2023-07-25 12:37:27.033 [SpringApplicationShutdownHook] INFO  o.s.o.j.LocalContainerEntityManagerFactoryBean - Closing JPA EntityManagerFactory for persistence unit 'default'
2023-07-25 12:37:27.036 [SpringApplicationShutdownHook] INFO  com.zaxxer.hikari.HikariDataSource - HikariPool-1 - Shutdown initiated...
2023-07-25 12:37:27.041 [SpringApplicationShutdownHook] INFO  com.zaxxer.hikari.HikariDataSource - HikariPool-1 - Shutdown completed.
2023-07-25 12:37:29.546 [background-preinit] INFO  o.h.validator.internal.util.Version - HV000001: Hibernate Validator 8.0.1.Final
2023-07-25 12:37:29.575 [restartedMain] INFO  c.r.e.ExaminationManagementSystemApplication - Starting ExaminationManagementSystemApplication using Java 17.0.6 with PID 3916 (C:\Users\Balaji\projects2\examination-management-system\examination-management-system\build\classes\java\main started by Balaji in C:\Users\Balaji\projects2\examination-management-system\examination-management-system)
2023-07-25 12:37:29.576 [restartedMain] INFO  c.r.e.ExaminationManagementSystemApplication - No active profile set, falling back to 1 default profile: "default"
2023-07-25 12:37:29.615 [restartedMain] INFO  o.s.b.d.e.DevToolsPropertyDefaultsPostProcessor - Devtools property defaults active! Set 'spring.devtools.add-properties' to 'false' to disable
2023-07-25 12:37:29.615 [restartedMain] INFO  o.s.b.d.e.DevToolsPropertyDefaultsPostProcessor - For additional web related logging consider setting the 'logging.level.web' property to 'DEBUG'
2023-07-25 12:37:30.085 [restartedMain] INFO  o.s.d.r.c.RepositoryConfigurationDelegate - Bootstrapping Spring Data JPA repositories in DEFAULT mode.
2023-07-25 12:37:30.099 [restartedMain] INFO  o.s.d.r.c.RepositoryConfigurationDelegate - Finished Spring Data repository scanning in 7 ms. Found 0 JPA repository interfaces.
2023-07-25 12:37:30.491 [restartedMain] INFO  o.s.b.w.e.tomcat.TomcatWebServer - Tomcat initialized with port(s): 8080 (http)
2023-07-25 12:37:30.501 [restartedMain] INFO  o.a.coyote.http11.Http11NioProtocol - Initializing ProtocolHandler ["http-nio-8080"]
2023-07-25 12:37:30.502 [restartedMain] INFO  o.a.catalina.core.StandardService - Starting service [Tomcat]
2023-07-25 12:37:30.502 [restartedMain] INFO  o.a.catalina.core.StandardEngine - Starting Servlet engine: [Apache Tomcat/10.1.11]
2023-07-25 12:37:30.540 [restartedMain] INFO  o.a.c.c.C.[Tomcat].[localhost].[/] - Initializing Spring embedded WebApplicationContext
2023-07-25 12:37:30.541 [restartedMain] INFO  o.s.b.w.s.c.ServletWebServerApplicationContext - Root WebApplicationContext: initialization completed in 924 ms
2023-07-25 12:37:30.631 [restartedMain] INFO  o.h.jpa.internal.util.LogHelper - HHH000204: Processing PersistenceUnitInfo [name: default]
2023-07-25 12:37:30.666 [restartedMain] INFO  org.hibernate.Version - HHH000412: Hibernate ORM core version 6.2.6.Final
2023-07-25 12:37:30.668 [restartedMain] INFO  org.hibernate.cfg.Environment - HHH000406: Using bytecode reflection optimizer
2023-07-25 12:37:30.773 [restartedMain] INFO  o.h.b.i.BytecodeProviderInitiator - HHH000021: Bytecode provider name : bytebuddy
2023-07-25 12:37:30.883 [restartedMain] INFO  o.s.o.j.p.SpringPersistenceUnitInfo - No LoadTimeWeaver setup: ignoring JPA class transformer
2023-07-25 12:37:30.892 [restartedMain] INFO  com.zaxxer.hikari.HikariDataSource - HikariPool-1 - Starting...
2023-07-25 12:37:31.025 [restartedMain] INFO  com.zaxxer.hikari.pool.HikariPool - HikariPool-1 - Added connection org.postgresql.jdbc.PgConnection@6a05f8f3
2023-07-25 12:37:31.026 [restartedMain] INFO  com.zaxxer.hikari.HikariDataSource - HikariPool-1 - Start completed.
2023-07-25 12:37:31.278 [restartedMain] INFO  o.h.b.i.BytecodeProviderInitiator - HHH000021: Bytecode provider name : bytebuddy
2023-07-25 12:37:31.851 [restartedMain] INFO  o.h.e.t.j.p.i.JtaPlatformInitiator - HHH000490: Using JtaPlatform implementation: [org.hibernate.engine.transaction.jta.platform.internal.NoJtaPlatform]
2023-07-25 12:37:31.952 [restartedMain] INFO  o.s.o.j.LocalContainerEntityManagerFactoryBean - Initialized JPA EntityManagerFactory for persistence unit 'default'
2023-07-25 12:37:31.987 [restartedMain] WARN  o.s.b.a.o.j.JpaBaseConfiguration$JpaWebConfiguration - spring.jpa.open-in-view is enabled by default. Therefore, database queries may be performed during view rendering. Explicitly configure spring.jpa.open-in-view to disable this warning
2023-07-25 12:37:32.243 [restartedMain] WARN  o.s.b.a.s.s.UserDetailsServiceAutoConfiguration - 

Using generated security password: 824f9fab-806e-4d7a-95e1-69f6d46480ad

This generated password is for development use only. Your security configuration must be updated before running your application in production.

2023-07-25 12:37:32.320 [restartedMain] INFO  o.s.s.web.DefaultSecurityFilterChain - Will secure any request with [org.springframework.security.web.session.DisableEncodeUrlFilter@1504f2ee, org.springframework.security.web.context.request.async.WebAsyncManagerIntegrationFilter@11487c63, org.springframework.security.web.context.SecurityContextHolderFilter@6c72d7e7, org.springframework.security.web.header.HeaderWriterFilter@3ccd0c8b, org.springframework.security.web.csrf.CsrfFilter@2795f437, org.springframework.security.web.authentication.logout.LogoutFilter@2b41cd98, org.springframework.security.web.authentication.UsernamePasswordAuthenticationFilter@2c5d78a4, org.springframework.security.web.authentication.ui.DefaultLoginPageGeneratingFilter@2bc80a43, org.springframework.security.web.authentication.ui.DefaultLogoutPageGeneratingFilter@23de01b0, org.springframework.security.web.authentication.www.BasicAuthenticationFilter@782f8ce9, org.springframework.security.web.savedrequest.RequestCacheAwareFilter@6aec85e1, org.springframework.security.web.servletapi.SecurityContextHolderAwareRequestFilter@56968d45, org.springframework.security.web.authentication.AnonymousAuthenticationFilter@a8b169c, org.springframework.security.web.access.ExceptionTranslationFilter@58ab5249, org.springframework.security.web.access.intercept.AuthorizationFilter@7f740cc6]
2023-07-25 12:37:32.344 [restartedMain] INFO  o.s.b.d.a.OptionalLiveReloadServer - LiveReload server is running on port 35729
2023-07-25 12:37:32.358 [restartedMain] INFO  o.a.coyote.http11.Http11NioProtocol - Starting ProtocolHandler ["http-nio-8080"]
2023-07-25 12:37:32.371 [restartedMain] INFO  o.s.b.w.e.tomcat.TomcatWebServer - Tomcat started on port(s): 8080 (http) with context path ''
2023-07-25 12:37:32.380 [restartedMain] INFO  c.r.e.ExaminationManagementSystemApplication - Started ExaminationManagementSystemApplication in 3.045 seconds (process running for 3.649)
2023-07-25 12:40:17.881 [SpringApplicationShutdownHook] INFO  o.s.o.j.LocalContainerEntityManagerFactoryBean - Closing JPA EntityManagerFactory for persistence unit 'default'
2023-07-25 12:40:17.884 [SpringApplicationShutdownHook] INFO  com.zaxxer.hikari.HikariDataSource - HikariPool-1 - Shutdown initiated...
2023-07-25 12:40:17.888 [SpringApplicationShutdownHook] INFO  com.zaxxer.hikari.HikariDataSource - HikariPool-1 - Shutdown completed.
2023-07-25 13:03:08,932 ERROR org.springframework.boot.SpringApplication [restartedMain] Application run failed
java.lang.IllegalStateException: java.lang.IllegalStateException: Logback configuration error detected: 
ERROR in ch.qos.logback.classic.pattern.LoggerConverter@73700b80 - failed to parse integer string [1.] java.lang.NumberFormatException: For input string: "1."
ERROR in ch.qos.logback.classic.pattern.LoggerConverter@161a834a - failed to parse integer string [1.] java.lang.NumberFormatException: For input string: "1."
	at org.springframework.boot.context.logging.LoggingApplicationListener.initializeSystem(LoggingApplicationListener.java:347)
	at org.springframework.boot.context.logging.LoggingApplicationListener.initialize(LoggingApplicationListener.java:298)
	at org.springframework.boot.context.logging.LoggingApplicationListener.onApplicationEnvironmentPreparedEvent(LoggingApplicationListener.java:246)
	at org.springframework.boot.context.logging.LoggingApplicationListener.onApplicationEvent(LoggingApplicationListener.java:223)
	at org.springframework.context.event.SimpleApplicationEventMulticaster.doInvokeListener(SimpleApplicationEventMulticaster.java:172)
	at org.springframework.context.event.SimpleApplicationEventMulticaster.invokeListener(SimpleApplicationEventMulticaster.java:165)
	at org.springframework.context.event.SimpleApplicationEventMulticaster.multicastEvent(SimpleApplicationEventMulticaster.java:143)
	at org.springframework.context.event.SimpleApplicationEventMulticaster.multicastEvent(SimpleApplicationEventMulticaster.java:131)
	at org.springframework.boot.context.event.EventPublishingRunListener.multicastInitialEvent(EventPublishingRunListener.java:136)
	at org.springframework.boot.context.event.EventPublishingRunListener.environmentPrepared(EventPublishingRunListener.java:81)
	at org.springframework.boot.SpringApplicationRunListeners.lambda$environmentPrepared$2(SpringApplicationRunListeners.java:64)
	at java.base/java.lang.Iterable.forEach(Iterable.java:75)
	at org.springframework.boot.SpringApplicationRunListeners.doWithListeners(SpringApplicationRunListeners.java:118)
	at org.springframework.boot.SpringApplicationRunListeners.doWithListeners(SpringApplicationRunListeners.java:112)
	at org.springframework.boot.SpringApplicationRunListeners.environmentPrepared(SpringApplicationRunListeners.java:63)
	at org.springframework.boot.SpringApplication.prepareEnvironment(SpringApplication.java:356)
	at org.springframework.boot.SpringApplication.run(SpringApplication.java:307)
	at org.springframework.boot.SpringApplication.run(SpringApplication.java:1306)
	at org.springframework.boot.SpringApplication.run(SpringApplication.java:1295)
	at com.rba1aji.examinationmanagementsystem.ExaminationManagementSystemApplication.main(ExaminationManagementSystemApplication.java:10)
	at java.base/jdk.internal.reflect.NativeMethodAccessorImpl.invoke0(Native Method)
	at java.base/jdk.internal.reflect.NativeMethodAccessorImpl.invoke(NativeMethodAccessorImpl.java:77)
	at java.base/jdk.internal.reflect.DelegatingMethodAccessorImpl.invoke(DelegatingMethodAccessorImpl.java:43)
	at java.base/java.lang.reflect.Method.invoke(Method.java:568)
	at org.springframework.boot.devtools.restart.RestartLauncher.run(RestartLauncher.java:50)
Caused by: java.lang.IllegalStateException: Logback configuration error detected: 
ERROR in ch.qos.logback.classic.pattern.LoggerConverter@73700b80 - failed to parse integer string [1.] java.lang.NumberFormatException: For input string: "1."
ERROR in ch.qos.logback.classic.pattern.LoggerConverter@161a834a - failed to parse integer string [1.] java.lang.NumberFormatException: For input string: "1."
	at org.springframework.boot.logging.logback.LogbackLoggingSystem.reportConfigurationErrorsIfNecessary(LogbackLoggingSystem.java:260)
	at org.springframework.boot.logging.logback.LogbackLoggingSystem.loadConfiguration(LogbackLoggingSystem.java:247)
	at org.springframework.boot.logging.AbstractLoggingSystem.initializeWithSpecificConfig(AbstractLoggingSystem.java:66)
	at org.springframework.boot.logging.AbstractLoggingSystem.initialize(AbstractLoggingSystem.java:57)
	at org.springframework.boot.logging.logback.LogbackLoggingSystem.initialize(LogbackLoggingSystem.java:187)
	at org.springframework.boot.context.logging.LoggingApplicationListener.initializeSystem(LoggingApplicationListener.java:335)
	... 24 common frames omitted
